Temp/gradleOut/build/outputs/logs/manifest-merger-release-report.txt
-- Merging decision tree log ---
manifest
ADDED from src\main\AndroidManifest.xml:2:1-29:12
	package
		ADDED from src\main\AndroidManifest.xml:2:117-158
		INJECTED from src\main\AndroidManifest.xml
		INJECTED from src\main\AndroidManifest.xml
	android:versionName
		ADDED from src\main\AndroidManifest.xml:2:183-206
		INJECTED from src\main\AndroidManifest.xml
		INJECTED from src\main\AndroidManifest.xml
	xmlns:tools
		ADDED from src\main\AndroidManifest.xml:2:70-116
	android:versionCode
		ADDED from src\main\AndroidManifest.xml:2:159-182
		INJECTED from src\main\AndroidManifest.xml
		INJECTED from src\main\AndroidManifest.xml
	xmlns:android
		ADDED from src\main\AndroidManifest.xml:2:11-69
	android:installLocation
		ADDED from src\main\AndroidManifest.xml:2:207-247
uses-sdk
ADDED from src\main\AndroidManifest.xml:3:3-72
MERGED from [:gpgs-plugin-support-0.9.50:] AndroidManifest.xml:7:5-44
MERGED from [:play-services-auth-11.6.2:] AndroidManifest.xml:17:5-43
MERGED from [:play-services-auth-api-phone-11.6.2:] AndroidManifest.xml:3:3-41
MERGED from [:play-services-auth-api-phone-license-11.6.2:] AndroidManifest.xml:4:5-43
MERGED from [:play-services-auth-base-11.6.2:] AndroidManifest.xml:4:5-43
MERGED from [:play-services-auth-base-license-11.6.2:] AndroidManifest.xml:4:5-43
MERGED from [:play-services-base-11.6.2:] AndroidManifest.xml:17:5-43
MERGED from [:play-services-base-license-11.6.2:] AndroidManifest.xml:4:5-43
MERGED from [:play-services-basement-11.6.2:] AndroidManifest.xml:17:5-43
MERGED from [:play-services-basement-license-11.6.2:] AndroidManifest.xml:4:5-43
MERGED from [:play-services-drive-11.6.2:] AndroidManifest.xml:17:5-43
MERGED from [:play-services-drive-license-11.6.2:] AndroidManifest.xml:4:5-43
MERGED from [:play-services-games-11.6.2:] AndroidManifest.xml:17:5-43
MERGED from [:play-services-games-license-11.6.2:] AndroidManifest.xml:4:5-43
MERGED from [:play-services-nearby-11.6.2:] AndroidManifest.xml:3:5-43
MERGED from [:play-services-nearby-license-11.6.2:] AndroidManifest.xml:4:5-43
MERGED from [:play-services-tasks-11.6.2:] AndroidManifest.xml:3:5-43
MERGED from [:play-services-tasks-license-11.6.2:] AndroidManifest.xml:4:5-43
MERGED from [:support-compat-25.2.0:] AndroidManifest.xml:21:5-23:58
MERGED from [:support-core-ui-25.2.0:] AndroidManifest.xml:21:5-23:58
MERGED from [:support-core-utils-25.2.0:] AndroidManifest.xml:21:5-23:61
MERGED from [:support-fragment-25.2.0:] AndroidManifest.xml:21:5-23:60
MERGED from [:support-media-compat-25.2.0:] AndroidManifest.xml:21:5-23:63
MERGED from [:support-v4-25.2.0:] AndroidManifest.xml:21:5-23:54
MERGED from [gradleOut:GooglePlayGamesManifest.plugin:unspecified] AndroidManifest.xml:11:5-13:41
	tools:overrideLibrary
		ADDED from [:support-compat-25.2.0:] AndroidManifest.xml:23:9-55
	android:targetSdkVersion
		ADDED from src\main\AndroidManifest.xml:3:40-69
		INJECTED from src\main\AndroidManifest.xml
		INJECTED from src\main\AndroidManifest.xml
	android:minSdkVersion
		ADDED from src\main\AndroidManifest.xml:3:13-39
supports-screens
ADDED from src\main\AndroidManifest.xml:4:3-163
	android:largeScreens
		ADDED from src\main\AndroidManifest.xml:4:47-74
	android:smallScreens
		ADDED from src\main\AndroidManifest.xml:4:104-131
	android:normalScreens
		ADDED from src\main\AndroidManifest.xml:4:75-103
	android:xlargeScreens
		ADDED from src\main\AndroidManifest.xml:4:132-160
	android:anyDensity
		ADDED from src\main\AndroidManifest.xml:4:21-46
application
ADDED from src\main\AndroidManifest.xml:5:3-22:17
MERGED from [:gpgs-plugin-support-0.9.50:] AndroidManifest.xml:9:5-20
MERGED from [:play-services-auth-11.6.2:] AndroidManifest.xml:19:5-25:19
MERGED from [:play-services-auth-api-phone-license-11.6.2:] AndroidManifest.xml:5:5-20
MERGED from [:play-services-auth-base-license-11.6.2:] AndroidManifest.xml:5:5-20
MERGED from [:play-services-base-11.6.2:] AndroidManifest.xml:18:5-20:19
MERGED from [:play-services-base-license-11.6.2:] AndroidManifest.xml:5:5-20
MERGED from [:play-services-basement-11.6.2:] AndroidManifest.xml:19:5-21:19
MERGED from [:play-services-basement-license-11.6.2:] AndroidManifest.xml:5:5-20
MERGED from [:play-services-drive-11.6.2:] AndroidManifest.xml:18:5-19
MERGED from [:play-services-drive-license-11.6.2:] AndroidManifest.xml:5:5-20
MERGED from [:play-services-games-11.6.2:] AndroidManifest.xml:18:5-19
MERGED from [:play-services-games-license-11.6.2:] AndroidManifest.xml:5:5-20
MERGED from [:play-services-nearby-11.6.2:] AndroidManifest.xml:5:5-19
MERGED from [:play-services-nearby-license-11.6.2:] AndroidManifest.xml:5:5-20
MERGED from [:play-services-tasks-11.6.2:] AndroidManifest.xml:4:5-19
MERGED from [:play-services-tasks-license-11.6.2:] AndroidManifest.xml:5:5-20
MERGED from [:support-compat-25.2.0:] AndroidManifest.xml:25:5-20
MERGED from [:support-core-ui-25.2.0:] AndroidManifest.xml:25:5-20
MERGED from [:support-core-utils-25.2.0:] AndroidManifest.xml:25:5-20
MERGED from [:support-fragment-25.2.0:] AndroidManifest.xml:25:5-20
MERGED from [:support-media-compat-25.2.0:] AndroidManifest.xml:25:5-20
MERGED from [:support-v4-25.2.0:] AndroidManifest.xml:25:5-20
MERGED from [gradleOut:GooglePlayGamesManifest.plugin:unspecified] AndroidManifest.xml:15:5-30:19
	android:label
		ADDED from src\main\AndroidManifest.xml:5:50-82
	android:icon
		ADDED from src\main\AndroidManifest.xml:5:16-49
	android:banner
		ADDED from src\main\AndroidManifest.xml:5:147-184
	android:theme
		ADDED from src\main\AndroidManifest.xml:5:83-124
	android:isGame
		ADDED from src\main\AndroidManifest.xml:5:125-146
activity#com.unity3d.player.UnityPlayerActivity
ADDED from src\main\AndroidManifest.xml:6:5-12:16
	android:screenOrientation
		ADDED from src\main\AndroidManifest.xml:6:102-145
	android:label
		ADDED from src\main\AndroidManifest.xml:6:69-101
	android:launchMode
		ADDED from src\main\AndroidManifest.xml:6:146-177
	android:configChanges
		ADDED from src\main\AndroidManifest.xml:6:178-359
	android:name
		ADDED from src\main\AndroidManifest.xml:6:15-68
intent-filter#android.intent.action.MAIN+android.intent.category.LAUNCHER
ADDED from src\main\AndroidManifest.xml:7:7-10:23
action#android.intent.action.MAIN
ADDED from src\main\AndroidManifest.xml:8:9-61
	android:name
		ADDED from src\main\AndroidManifest.xml:8:17-58
category#android.intent.category.LAUNCHER
ADDED from src\main\AndroidManifest.xml:9:9-69
	android:name
		ADDED from src\main\AndroidManifest.xml:9:19-66
meta-data#unityplayer.UnityActivity
ADDED from src\main\AndroidManifest.xml:11:7-82
	android:value
		ADDED from src\main\AndroidManifest.xml:11:59-79
	android:name
		ADDED from src\main\AndroidManifest.xml:11:18-58
meta-data#com.google.android.gms.games.APP_ID
ADDED from src\main\AndroidManifest.xml:14:5-100
MERGED from [gradleOut:GooglePlayGamesManifest.plugin:unspecified] AndroidManifest.xml:18:9-20:46
	android:value
		ADDED from src\main\AndroidManifest.xml:14:67-97
	android:name
		ADDED from src\main\AndroidManifest.xml:14:16-66
meta-data#com.google.android.gms.games.unityVersion
ADDED from src\main\AndroidManifest.xml:16:5-100
MERGED from [gradleOut:GooglePlayGamesManifest.plugin:unspecified] AndroidManifest.xml:23:9-25:40
	android:value
		ADDED from src\main\AndroidManifest.xml:16:73-97
	android:name
		ADDED from src\main\AndroidManifest.xml:16:16-72
activity#com.google.games.bridge.NativeBridgeActivity
ADDED from src\main\AndroidManifest.xml:17:5-148
MERGED from [gradleOut:GooglePlayGamesManifest.plugin:unspecified] AndroidManifest.xml:27:9-29:86
	android:theme
		ADDED from src\main\AndroidManifest.xml:17:75-145
	android:name
		ADDED from src\main\AndroidManifest.xml:17:15-74
meta-data#unity.build-id
ADDED from src\main\AndroidManifest.xml:18:5-101
	android:value
		ADDED from src\main\AndroidManifest.xml:18:46-98
	android:name
		ADDED from src\main\AndroidManifest.xml:18:16-45
meta-data#unity.splash-mode
ADDED from src\main\AndroidManifest.xml:19:5-69
	android:value
		ADDED from src\main\AndroidManifest.xml:19:49-66
	android:name
		ADDED from src\main\AndroidManifest.xml:19:16-48
meta-data#unity.splash-enable
ADDED from src\main\AndroidManifest.xml:20:5-74
	android:value
		ADDED from src\main\AndroidManifest.xml:20:51-71
	android:name
		ADDED from src\main\AndroidManifest.xml:20:16-50
meta-data#android.max_aspect
ADDED from src\main\AndroidManifest.xml:21:5-72
	android:value
		ADDED from src\main\AndroidManifest.xml:21:50-69
	android:name
		ADDED from src\main\AndroidManifest.xml:21:16-49
uses-feature#0x00020000
ADDED from src\main\AndroidManifest.xml:23:3-52
	android:glEsVersion
		ADDED from src\main\AndroidManifest.xml:23:17-49
uses-permission#android.permission.INTERNET
ADDED from src\main\AndroidManifest.xml:24:3-65
	android:name
		ADDED from src\main\AndroidManifest.xml:24:20-62
uses-feature#android.hardware.sensor.accelerometer
ADDED from src\main\AndroidManifest.xml:25:3-97
	android:required
		ADDED from src\main\AndroidManifest.xml:25:70-94
	android:name
		ADDED from src\main\AndroidManifest.xml:25:17-69
uses-feature#android.hardware.touchscreen
ADDED from src\main\AndroidManifest.xml:26:3-88
	android:required
		ADDED from src\main\AndroidManifest.xml:26:61-85
	android:name
		ADDED from src\main\AndroidManifest.xml:26:17-60
uses-feature#android.hardware.touchscreen.multitouch
ADDED from src\main\AndroidManifest.xml:27:3-99
	android:required
		ADDED from src\main\AndroidManifest.xml:27:72-96
	android:name
		ADDED from src\main\AndroidManifest.xml:27:17-71
uses-feature#android.hardware.touchscreen.multitouch.distinct
ADDED from src\main\AndroidManifest.xml:28:3-108
	android:required
		ADDED from src\main\AndroidManifest.xml:28:81-105
	android:name
		ADDED from src\main\AndroidManifest.xml:28:17-80
activity#com.google.android.gms.auth.api.signin.internal.SignInHubActivity
ADDED from [:play-services-auth-11.6.2:] AndroidManifest.xml:20:9-189
	android:excludeFromRecents
		ADDED from [:play-services-auth-11.6.2:] AndroidManifest.xml:20:129-162
	android:exported
		ADDED from [:play-services-auth-11.6.2:] AndroidManifest.xml:20:163-187
	android:theme
		ADDED from [:play-services-auth-11.6.2:] AndroidManifest.xml:20:69-128
	android:name
		ADDED from [:play-services-auth-11.6.2:] AndroidManifest.xml:20:19-68
service#com.google.android.gms.auth.api.signin.RevocationBoundService
ADDED from [:play-services-auth-11.6.2:] AndroidManifest.xml:24:9-184
	android:exported
		ADDED from [:play-services-auth-11.6.2:] AndroidManifest.xml:24:64-87
	android:permission
		ADDED from [:play-services-auth-11.6.2:] AndroidManifest.xml:24:88-182
	android:name
		ADDED from [:play-services-auth-11.6.2:] AndroidManifest.xml:24:18-63
activity#com.google.android.gms.common.api.GoogleApiActivity
ADDED from [:play-services-base-11.6.2:] AndroidManifest.xml:19:9-172
	android:exported
		ADDED from [:play-services-base-11.6.2:] AndroidManifest.xml:19:146-170
	android:theme
		ADDED from [:play-services-base-11.6.2:] AndroidManifest.xml:19:86-145
	android:name
		ADDED from [:play-services-base-11.6.2:] AndroidManifest.xml:19:19-85
meta-data#com.google.android.gms.version
ADDED from [:play-services-basement-11.6.2:] AndroidManifest.xml:20:9-121
	android:value
		ADDED from [:play-services-basement-11.6.2:] AndroidManifest.xml:20:66-119
	android:name
		ADDED from [:play-services-basement-11.6.2:] AndroidManifest.xml:20:20-65
uses-permission#android.permission.ACCESS_NETWORK_STATE
ADDED from [:play-services-nearby-11.6.2:] AndroidManifest.xml:4:5-78
	android:name
		ADDED from [:play-services-nearby-11.6.2:] AndroidManifest.xml:4:22-76